Build started 11/22/2014 5:55:56 PM.
     1>Project "C:\Users\mikez_000\Documents\GitHub\opencv-tests\SetupTest\SetupTest\SetupTest.vcxproj" on node 2 (Build target(s)).
     1>Link:
         C:\Program Files (x86)\Microsoft Visual Studio 12.0\VC\bin\link.exe /ERRORREPORT:PROMPT /OUT:"C:\Users\mikez_000\Documents\GitHub\opencv-tests\SetupTest\Debug\SetupTest.exe" /INCREMENTAL /NOLOGO /LIBPATH:C:\opencv\build\x64\vc12\lib opencv_core249d.lib opencv_imgproc249d.lib opencv_highgui249d.lib opencv_ml249d.lib opencv_video249d.lib opencv_features2d249d.lib opencv_calib3d249d.lib opencv_objdetect249d.lib opencv_flann249d.lib opencv_legacy249d.lib opencv_contrib249d.lib kernel32.lib user32.lib gdi32.lib winspool.lib comdlg32.lib advapi32.lib shell32.lib ole32.lib oleaut32.lib uuid.lib odbc32.lib odbccp32.lib /MANIFEST /MANIFESTUAC:"level='asInvoker' uiAccess='false'" /manifest:embed /DEBUG /PDB:"C:\Users\mikez_000\Documents\GitHub\opencv-tests\SetupTest\Debug\SetupTest.pdb" /SUBSYSTEM:CONSOLE /TLBID:1 /DYNAMICBASE /NXCOMPAT /IMPLIB:"C:\Users\mikez_000\Documents\GitHub\opencv-tests\SetupTest\Debug\SetupTest.lib" /MACHINE:X64 Debug\InitialTest.obj
     1>Debug\InitialTest.obj : fatal error LNK1112: module machine type 'X86' conflicts with target machine type 'x64'
     1>Done Building Project "C:\Users\mikez_000\Documents\GitHub\opencv-tests\SetupTest\SetupTest\SetupTest.vcxproj" (Build target(s)) -- FAILED.

Build FAILED.

Time Elapsed 00:00:00.07
